<?xml version="1.0" encoding="UTF-8"?>
<!-- Generated by org.testng.reporters.JUnitReportReporter -->
<testsuite hostname="DESKTOP-OIJ3DIN" failures="0" tests="11" name="Automation_Test.Automation_practice" time="60.901" errors="0" timestamp="2026-06-07T12:13:06 IST" skipped="0">
  <testcase classname="Automation_Test.Automation_practice" name="Select_field" time="4.245"/>
  <testcase classname="Automation_Test.Automation_practice" name="Select_field" time="4.242"/>
  <testcase classname="Automation_Test.Automation_practice" name="Select_field" time="4.660"/>
  <testcase classname="Automation_Test.Automation_practice" name="Date_picker" time="0.732"/>
  <testcase classname="Automation_Test.Automation_practice" name="Upload_files" time="0.147"/>
  <testcase classname="Automation_Test.Automation_practice" name="alerts" time="0.398"/>
  <testcase classname="Automation_Test.Automation_practice" name="Tabs" time="0.212"/>
  <testcase classname="Automation_Test.Automation_practice" name="Actions" time="1.559"/>
  <testcase classname="Automation_Test.Automation_practice" name="Form" time="1.003"/>
  <testcase classname="Automation_Test.Automation_practice" name="Pop_up" time="12.380"/>
  <testcase classname="Automation_Test.Automation_practice" name="Links" time="31.323"/>
</testsuite> <!-- Automation_Test.Automation_practice -->
