<?xml version="1.0" encoding="UTF-8"?>
<!-- Generated by org.testng.reporters.JUnitXMLReporter -->
<testsuite ignored="0" hostname="DESKTOP-OIJ3DIN" failures="0" tests="11" name="Smoke Tests" time="57.258" errors="0" timestamp="2026-06-10T10:38:55 IST">
  <testcase classname="Tests.AutomationPracticeTest" name="Select_field" time="3.796"/>
  <testcase classname="Tests.AutomationPracticeTest" name="Select_field" time="2.721"/>
  <testcase classname="Tests.AutomationPracticeTest" name="Select_field" time="2.163"/>
  <testcase classname="Tests.AutomationPracticeTest" name="Date_picker" time="0.337"/>
  <testcase classname="Tests.AutomationPracticeTest" name="Upload_files" time="0.08"/>
  <testcase classname="Tests.AutomationPracticeTest" name="alerts" time="0.2"/>
  <testcase classname="Tests.AutomationPracticeTest" name="Tabs" time="0.134"/>
  <testcase classname="Tests.AutomationPracticeTest" name="Actions" time="1.286"/>
  <testcase classname="Tests.AutomationPracticeTest" name="Form" time="0.476"/>
  <testcase classname="Tests.AutomationPracticeTest" name="Pop_up" time="11.144"/>
  <testcase classname="Tests.AutomationPracticeTest" name="Links" time="25.256"/>
</testsuite> <!-- Smoke Tests -->
