<?xml version="1.0" encoding="UTF-8"?>
<!-- Generated by org.testng.reporters.JUnitXMLReporter -->
<testsuite ignored="0" hostname="DESKTOP-OIJ3DIN" failures="0" tests="11" name="Smoke Tests" time="65.185" errors="0" timestamp="2026-06-11T10:32:13 IST">
  <testcase classname="Tests.AutomationPracticeTest" name="Select_field" time="3.768"/>
  <testcase classname="Tests.AutomationPracticeTest" name="Select_field" time="3.842"/>
  <testcase classname="Tests.AutomationPracticeTest" name="Select_field" time="3.871"/>
  <testcase classname="Tests.AutomationPracticeTest" name="Date_picker" time="0.559"/>
  <testcase classname="Tests.AutomationPracticeTest" name="Upload_files" time="0.091"/>
  <testcase classname="Tests.AutomationPracticeTest" name="alerts" time="0.265"/>
  <testcase classname="Tests.AutomationPracticeTest" name="Tabs" time="0.143"/>
  <testcase classname="Tests.AutomationPracticeTest" name="Actions" time="9.706"/>
  <testcase classname="Tests.AutomationPracticeTest" name="Form" time="0.455"/>
  <testcase classname="Tests.AutomationPracticeTest" name="Pop_up" time="11.694"/>
  <testcase classname="Tests.AutomationPracticeTest" name="Links" time="23.907"/>
</testsuite> <!-- Smoke Tests -->
