<?xml version="1.0" encoding="UTF-8"?>
<!-- Generated by org.testng.reporters.JUnitXMLReporter -->
<testsuite ignored="8" hostname="DESKTOP-OIJ3DIN" failures="0" tests="1" name="Default test" time="8.481" errors="0" timestamp="2026-06-10T11:38:53 IST">
  <testcase classname="Tests.AutomationPracticeTest" name="Tabs" time="3.157"/>
  <testcase classname="Tests.AutomationPracticeTest" name="Date_picker" time="0.0">
    <ignored/>
  </testcase> <!-- Date_picker -->
  <testcase classname="Tests.AutomationPracticeTest" name="Links" time="0.0">
    <ignored/>
  </testcase> <!-- Links -->
  <testcase classname="Tests.AutomationPracticeTest" name="Upload_files" time="0.0">
    <ignored/>
  </testcase> <!-- Upload_files -->
  <testcase classname="Tests.AutomationPracticeTest" name="alerts" time="0.0">
    <ignored/>
  </testcase> <!-- alerts -->
  <testcase classname="Tests.AutomationPracticeTest" name="Form" time="0.0">
    <ignored/>
  </testcase> <!-- Form -->
  <testcase classname="Tests.AutomationPracticeTest" name="Select_field" time="0.0">
    <ignored/>
  </testcase> <!-- Select_field -->
  <testcase classname="Tests.AutomationPracticeTest" name="Pop_up" time="0.0">
    <ignored/>
  </testcase> <!-- Pop_up -->
  <testcase classname="Tests.AutomationPracticeTest" name="Actions" time="0.0">
    <ignored/>
  </testcase> <!-- Actions -->
</testsuite> <!-- Default test -->
